<?xml version="1.0" encoding="UTF-8"?>
<!-- Generated by org.testng.reporters.JUnitReportReporter -->
<testsuite hostname="DESKTOP-A2P4MIF" failures="0" tests="4" name="Testcases.LoginTest" time="3.438" errors="0" timestamp="2025-09-07T22:53:30 IST" skipped="1">
  <testcase classname="Testcases.LoginTest" name="testPasswordMaskedbutton" time="0.359"/>
  <testcase classname="Testcases.LoginTest" name="testPageElementsPresence" time="0.312"/>
  <testcase classname="Testcases.LoginTest" name="testLoginButtonDisabledWhenFieldAreEmpty" time="0.172">
    <skipped/>
  </testcase> <!-- testLoginButtonDisabledWhenFieldAreEmpty -->
  <testcase classname="Testcases.LoginTest" name="testInvalidLoginShowErrorMsg" time="2.595"/>
</testsuite> <!-- Testcases.LoginTest -->
